  [1m[36m (2.8ms)[0m  [1mCREATE TABLE "schema_migrations" ("version" varchar(255) NOT NULL) [0m
  [1m[35m (0.8ms)[0m  select sqlite_version(*)
  [1m[36m (2.4ms)[0m  [1mCREATE UNIQUE INDEX "unique_schema_migrations" ON "schema_migrations" ("version")[0m
  [1m[35mActiveRecord::SchemaMigration Load (0.1ms)[0m  SELECT "schema_migrations".* FROM "schema_migrations"
Migrating to CreateUsers (20140912002822)
  [1m[36m (0.1ms)[0m  [1mbegin transaction[0m
  [1m[35m (0.6ms)[0m  CREATE TABLE "users" ("id" INTEGER PRIMARY KEY AUTOINCREMENT NOT NULL, "name" varchar(255), "provider" varchar(255), "uid" varchar(255), "created_at" datetime, "updated_at" datetime) 
  [1m[36mSQL (0.3ms)[0m  [1mINSERT INTO "schema_migrations" ("version") VALUES (?)[0m  [["version", "20140912002822"]]
  [1m[35m (8.5ms)[0m  commit transaction
  [1m[36mActiveRecord::SchemaMigration Load (12.3ms)[0m  [1mSELECT "schema_migrations".* FROM "schema_migrations"[0m
  [1m[36mActiveRecord::SchemaMigration Load (0.1ms)[0m  [1mSELECT "schema_migrations".* FROM "schema_migrations"[0m
  [1m[35mActiveRecord::SchemaMigration Load (0.1ms)[0m  SELECT "schema_migrations".* FROM "schema_migrations"
  [1m[36mActiveRecord::SchemaMigration Load (0.1ms)[0m  [1mSELECT "schema_migrations".* FROM "schema_migrations"[0m


Started GET "/" for 127.0.0.1 at 2014-09-17 07:58:18 -0700
  [1m[36mActiveRecord::SchemaMigration Load (0.4ms)[0m  [1mSELECT "schema_migrations".* FROM "schema_migrations"[0m
Processing by VisitorsController#index as HTML
  [1m[35m (0.5ms)[0m  SELECT COUNT(*) FROM "users"
  Rendered visitors/index.html.erb within layouts/application (8.6ms)
  Rendered layouts/_navigation_links.html.erb (1.3ms)
  Rendered layouts/_navigation.html.haml (14.1ms)
  Rendered layouts/_messages.html.haml (6.5ms)
Completed 200 OK in 6420ms (Views: 6395.0ms | ActiveRecord: 1.0ms)


Started GET "/signin" for 127.0.0.1 at 2014-09-17 07:58:37 -0700
Processing by SessionsController#new as HTML
Redirected to http://localhost:3000/auth/facebook
Completed 302 Found in 2ms (ActiveRecord: 0.0ms)


Started GET "/auth/facebook" for 127.0.0.1 at 2014-09-17 07:58:37 -0700


Started GET "/signin" for 127.0.0.1 at 2014-09-17 07:58:37 -0700
Processing by SessionsController#new as HTML
Redirected to http://localhost:3000/auth/facebook
Completed 302 Found in 2ms (ActiveRecord: 0.0ms)


Started GET "/auth/facebook" for 127.0.0.1 at 2014-09-17 07:58:37 -0700


Started GET "/" for 127.0.0.1 at 2014-09-17 08:12:20 -0700
Processing by VisitorsController#index as HTML
  Rendered visitors/index.html.erb within layouts/application (8.9ms)
  Rendered layouts/_navigation_links.html.haml (4.6ms)
  Rendered layouts/_navigation.html.haml (13.4ms)
  Rendered layouts/_messages.html.haml (4.1ms)
Completed 200 OK in 449ms (Views: 442.7ms | ActiveRecord: 0.0ms)


Started GET "/" for 127.0.0.1 at 2014-09-17 08:12:44 -0700
Processing by VisitorsController#index as HTML
  [1m[36m (2.0ms)[0m  [1mSELECT COUNT(*) FROM "users"[0m
  Rendered visitors/index.html.haml within layouts/application (8.6ms)
  Rendered layouts/_navigation_links.html.haml (0.2ms)
  Rendered layouts/_navigation.html.haml (1.8ms)
  Rendered layouts/_messages.html.haml (0.1ms)
Completed 200 OK in 259ms (Views: 256.2ms | ActiveRecord: 2.0ms)


Started GET "/signin" for 127.0.0.1 at 2014-09-17 08:12:46 -0700
Processing by SessionsController#new as HTML
Redirected to http://localhost:3000/auth/facebook
Completed 302 Found in 3ms (ActiveRecord: 0.0ms)


Started GET "/auth/facebook" for 127.0.0.1 at 2014-09-17 08:12:46 -0700


Started GET "/signin" for 127.0.0.1 at 2014-09-17 08:12:47 -0700
Processing by SessionsController#new as HTML
Redirected to http://localhost:3000/auth/facebook
Completed 302 Found in 1ms (ActiveRecord: 0.0ms)


Started GET "/auth/facebook" for 127.0.0.1 at 2014-09-17 08:12:47 -0700


Started GET "/" for 127.0.0.1 at 2014-09-17 08:22:57 -0700
Processing by VisitorsController#index as HTML
  [1m[35m (0.6ms)[0m  SELECT COUNT(*) FROM "users"
  Rendered visitors/index.html.haml within layouts/application (2.4ms)
  Rendered layouts/_navigation_links.html.haml (0.2ms)
  Rendered layouts/_navigation.html.haml (1.9ms)
  Rendered layouts/_messages.html.haml (0.1ms)
Completed 200 OK in 236ms (Views: 234.6ms | ActiveRecord: 0.6ms)


Started GET "/signin" for 127.0.0.1 at 2014-09-17 08:22:59 -0700
Processing by SessionsController#new as HTML
Redirected to http://localhost:3000/auth/facebook
Completed 302 Found in 2ms (ActiveRecord: 0.0ms)


Started GET "/auth/facebook" for 127.0.0.1 at 2014-09-17 08:22:59 -0700


Started GET "/signin" for 127.0.0.1 at 2014-09-17 08:22:59 -0700
Processing by SessionsController#new as HTML
Redirected to http://localhost:3000/auth/facebook
Completed 302 Found in 1ms (ActiveRecord: 0.0ms)


Started GET "/auth/facebook" for 127.0.0.1 at 2014-09-17 08:22:59 -0700


Started GET "/" for 127.0.0.1 at 2014-09-17 08:23:32 -0700
  [1m[36mActiveRecord::SchemaMigration Load (0.5ms)[0m  [1mSELECT "schema_migrations".* FROM "schema_migrations"[0m
Processing by VisitorsController#index as HTML
  [1m[35m (0.5ms)[0m  SELECT COUNT(*) FROM "users"
  Rendered visitors/index.html.haml within layouts/application (13.6ms)
  Rendered layouts/_navigation_links.html.haml (3.2ms)
  Rendered layouts/_navigation.html.haml (9.6ms)
  Rendered layouts/_messages.html.haml (3.4ms)
Completed 200 OK in 496ms (Views: 472.2ms | ActiveRecord: 2.0ms)


Started GET "/signin" for 127.0.0.1 at 2014-09-17 08:23:34 -0700
Processing by SessionsController#new as HTML
Redirected to http://localhost:3000/auth/facebook
Completed 302 Found in 2ms (ActiveRecord: 0.0ms)


Started GET "/auth/facebook" for 127.0.0.1 at 2014-09-17 08:23:34 -0700


Started GET "/signin" for 127.0.0.1 at 2014-09-17 08:23:35 -0700
Processing by SessionsController#new as HTML
Redirected to http://localhost:3000/auth/facebook
Completed 302 Found in 1ms (ActiveRecord: 0.0ms)


Started GET "/auth/facebook" for 127.0.0.1 at 2014-09-17 08:23:35 -0700


Started GET "/auth/facebook/callback?code=AQBs6ll6vIuq7cV5-rczADXc-YVC19BSBS0cK1n5__EE8nKTqjIt4VHc_OTPVs8874z0UnjWwGyBdC9oMkGrcSoIUf3vRRPMDXooSAB6ssJHUm9pfzzIF4GUGRwUmseR1wWCQYC_X0agsaoiCYr-_G-74gTDzaZ7ZTN4536DCo1a0hOxblOoQ3o8UC_8jURUeXpuU_1Vxs_p3WgmwwIXoUB-1hsBO3NF3MYOKrrLXKuIs7TmMxE2wjL6NZ2CJZTY9r42FYNzqRDAsHvVHie1-Y0zvYnDztMHBu793cqVB1s28E9rgVsKkveaa4bOwYjJ7p8&state=4d20fc14fee683bedda65b244f7ebab9826fc3d0e30e65a1" for 127.0.0.1 at 2014-09-17 08:23:38 -0700
Processing by SessionsController#create as HTML
  Parameters: {"code"=>"AQBs6ll6vIuq7cV5-rczADXc-YVC19BSBS0cK1n5__EE8nKTqjIt4VHc_OTPVs8874z0UnjWwGyBdC9oMkGrcSoIUf3vRRPMDXooSAB6ssJHUm9pfzzIF4GUGRwUmseR1wWCQYC_X0agsaoiCYr-_G-74gTDzaZ7ZTN4536DCo1a0hOxblOoQ3o8UC_8jURUeXpuU_1Vxs_p3WgmwwIXoUB-1hsBO3NF3MYOKrrLXKuIs7TmMxE2wjL6NZ2CJZTY9r42FYNzqRDAsHvVHie1-Y0zvYnDztMHBu793cqVB1s28E9rgVsKkveaa4bOwYjJ7p8", "state"=>"4d20fc14fee683bedda65b244f7ebab9826fc3d0e30e65a1", "provider"=>"facebook"}
  [1m[36mUser Load (0.2ms)[0m  [1mSELECT  "users".* FROM "users"  WHERE "users"."provider" = 'facebook' AND "users"."uid" = '10103487682752613'  ORDER BY "users"."id" ASC LIMIT 1[0m
  [1m[35m (0.1ms)[0m  begin transaction
  [1m[36mSQL (1.0ms)[0m  [1mINSERT INTO "users" ("created_at", "name", "provider", "uid", "updated_at") VALUES (?, ?, ?, ?, ?)[0m  [["created_at", "2014-09-17 15:23:39.677277"], ["name", "Joe Mellin"], ["provider", "facebook"], ["uid", "10103487682752613"], ["updated_at", "2014-09-17 15:23:39.677277"]]
  [1m[35m (0.9ms)[0m  commit transaction
Redirected to http://localhost:3000/
Completed 302 Found in 27ms (ActiveRecord: 2.2ms)


Started GET "/" for 127.0.0.1 at 2014-09-17 08:23:39 -0700
Processing by VisitorsController#index as HTML
  [1m[36m (0.2ms)[0m  [1mSELECT COUNT(*) FROM "users"[0m
  Rendered visitors/index.html.haml within layouts/application (1.4ms)
  [1m[35mUser Load (0.2ms)[0m  SELECT  "users".* FROM "users"  WHERE "users"."id" = ? LIMIT 1  [["id", 1]]
  Rendered layouts/_navigation_links.html.haml (1.4ms)
  Rendered layouts/_navigation.html.haml (2.6ms)
  Rendered layouts/_messages.html.haml (0.3ms)
Completed 200 OK in 343ms (Views: 341.7ms | ActiveRecord: 0.4ms)


Started GET "/" for 127.0.0.1 at 2014-09-17 10:05:31 -0700
Processing by VisitorsController#index as HTML
  [1m[36m (0.2ms)[0m  [1mSELECT COUNT(*) FROM "users"[0m
  Rendered visitors/index.html.haml within layouts/application (21.1ms)
  [1m[35mUser Load (0.3ms)[0m  SELECT  "users".* FROM "users"  WHERE "users"."id" = ? LIMIT 1  [["id", 1]]
  Rendered layouts/_navigation_links.html.haml (10.6ms)
  Rendered layouts/_navigation.html.haml (12.9ms)
  Rendered layouts/_messages.html.haml (0.4ms)
Completed 200 OK in 324ms (Views: 316.1ms | ActiveRecord: 2.5ms)


Started GET "/signout" for 127.0.0.1 at 2014-09-17 10:05:34 -0700
Processing by SessionsController#destroy as HTML
Redirected to http://localhost:3000/
Completed 302 Found in 2ms (ActiveRecord: 0.0ms)


Started GET "/" for 127.0.0.1 at 2014-09-17 10:05:34 -0700
Processing by VisitorsController#index as HTML
  [1m[36m (0.2ms)[0m  [1mSELECT COUNT(*) FROM "users"[0m
  Rendered visitors/index.html.haml within layouts/application (11.5ms)
  Rendered layouts/_navigation_links.html.haml (4.8ms)
  Rendered layouts/_navigation.html.haml (12.8ms)
  Rendered layouts/_messages.html.haml (5.0ms)
Completed 200 OK in 329ms (Views: 327.7ms | ActiveRecord: 0.2ms)


Started GET "/users" for 127.0.0.1 at 2014-09-17 10:05:40 -0700
Processing by UsersController#index as HTML
Redirected to http://localhost:3000/
Filter chain halted as :authenticate_user! rendered or redirected
Completed 302 Found in 1ms (ActiveRecord: 0.0ms)


Started GET "/" for 127.0.0.1 at 2014-09-17 10:05:40 -0700
Processing by VisitorsController#index as HTML
  [1m[35m (0.3ms)[0m  SELECT COUNT(*) FROM "users"
  Rendered visitors/index.html.haml within layouts/application (2.2ms)
  Rendered layouts/_navigation_links.html.haml (0.2ms)
  Rendered layouts/_navigation.html.haml (1.7ms)
  Rendered layouts/_messages.html.haml (0.3ms)
Completed 200 OK in 223ms (Views: 221.6ms | ActiveRecord: 0.3ms)


Started GET "/signin" for 127.0.0.1 at 2014-09-17 10:05:44 -0700
Processing by SessionsController#new as HTML
Redirected to http://localhost:3000/auth/facebook
Completed 302 Found in 2ms (ActiveRecord: 0.0ms)


Started GET "/auth/facebook" for 127.0.0.1 at 2014-09-17 10:05:44 -0700


Started GET "/signin" for 127.0.0.1 at 2014-09-17 10:05:44 -0700
Processing by SessionsController#new as HTML
Redirected to http://localhost:3000/auth/facebook
Completed 302 Found in 1ms (ActiveRecord: 0.0ms)


Started GET "/auth/facebook" for 127.0.0.1 at 2014-09-17 10:05:45 -0700


Started GET "/auth/facebook/callback?code=AQDPPIrBtiUo2uFRyWQTJw58yEuXg4XmWpuEnXspDXSR-9K8T9TIaqsX0mH_BQLCfZlYoU36g8GuRofPcmwhVc_rnTxBZoO2hMzl4V9OfPLlNRG1QTPPf-yrMlqd8FbzOPVer-7mMDe5cjm1pFBxVIKhgtc0dM0wCFTLmr1geDxE2Q9sOF_TVSYx8rF9JOMeAqDPmrrKV-HDAZUbxChretcqhhaCzQSf2fqlB26pLU9w-6hED59rzPBCkBXWXFypGUwuj0fCBXiQeFmZ27swbaBxgf9ajsHriSsjowTw5rwLxyM_48mmEQ5EHhA4Ss0fNuc&state=62997d178367b729319f80e65879f55f4e812cf2432630a3" for 127.0.0.1 at 2014-09-17 10:05:45 -0700
Processing by SessionsController#create as HTML
  Parameters: {"code"=>"AQDPPIrBtiUo2uFRyWQTJw58yEuXg4XmWpuEnXspDXSR-9K8T9TIaqsX0mH_BQLCfZlYoU36g8GuRofPcmwhVc_rnTxBZoO2hMzl4V9OfPLlNRG1QTPPf-yrMlqd8FbzOPVer-7mMDe5cjm1pFBxVIKhgtc0dM0wCFTLmr1geDxE2Q9sOF_TVSYx8rF9JOMeAqDPmrrKV-HDAZUbxChretcqhhaCzQSf2fqlB26pLU9w-6hED59rzPBCkBXWXFypGUwuj0fCBXiQeFmZ27swbaBxgf9ajsHriSsjowTw5rwLxyM_48mmEQ5EHhA4Ss0fNuc", "state"=>"62997d178367b729319f80e65879f55f4e812cf2432630a3", "provider"=>"facebook"}
  [1m[36mUser Load (0.2ms)[0m  [1mSELECT  "users".* FROM "users"  WHERE "users"."provider" = 'facebook' AND "users"."uid" = '10103487682752613'  ORDER BY "users"."id" ASC LIMIT 1[0m
Redirected to http://localhost:3000/
Completed 302 Found in 3ms (ActiveRecord: 0.2ms)


Started GET "/" for 127.0.0.1 at 2014-09-17 10:05:45 -0700
Processing by VisitorsController#index as HTML
  [1m[35m (0.2ms)[0m  SELECT COUNT(*) FROM "users"
  Rendered visitors/index.html.haml within layouts/application (1.6ms)
  [1m[36mUser Load (0.1ms)[0m  [1mSELECT  "users".* FROM "users"  WHERE "users"."id" = ? LIMIT 1[0m  [["id", 1]]
  Rendered layouts/_navigation_links.html.haml (1.3ms)
  Rendered layouts/_navigation.html.haml (2.5ms)
  Rendered layouts/_messages.html.haml (0.3ms)
Completed 200 OK in 230ms (Views: 228.8ms | ActiveRecord: 0.3ms)


Started GET "/" for 127.0.0.1 at 2014-09-17 10:05:45 -0700
Processing by VisitorsController#index as HTML
  [1m[35m (0.2ms)[0m  SELECT COUNT(*) FROM "users"
  Rendered visitors/index.html.haml within layouts/application (1.4ms)
  [1m[36mUser Load (0.2ms)[0m  [1mSELECT  "users".* FROM "users"  WHERE "users"."id" = ? LIMIT 1[0m  [["id", 1]]
  Rendered layouts/_navigation_links.html.haml (1.8ms)
  Rendered layouts/_navigation.html.haml (3.5ms)
  Rendered layouts/_messages.html.haml (0.9ms)
Completed 200 OK in 255ms (Views: 253.6ms | ActiveRecord: 0.4ms)
